Arguments: 
  /usr/local/bin/node /Users/zeeshanhurmat/.yarn/bin/yarn.js

PATH: 
  /Users/zeeshanhurmat/.yarn/bin:/Users/zeeshanhurmat/.config/yarn/global/node_modules/.bin:/Library/Frameworks/Python.framework/Versions/3.9/bin:/usr/local/bin:/usr/bin:/bin:/usr/sbin:/sbin:/npm-global/bin:/Users/zeeshanhurmat/.yarn/bin:/Users/zeeshanhurmat/.config/yarn/global/node_modules/.bin:/Library/Frameworks/Python.framework/Versions/3.9/bin:/Applications/Postgres.app/Contents/Versions/12/bin:/Applications/Postgres.app/Contents/Versions/12/bin

Yarn version: 
  1.22.4

Node version: 
  12.18.0

Platform: 
  darwin x64

Trace: 
  SyntaxError: /Users/zeeshanhurmat/Desktop/construction-web-backend/package.json: Unexpected token } in JSON at position 1309
      at JSON.parse (<anonymous>)
      at /Users/zeeshanhurmat/.yarn/lib/cli.js:1625:59
      at Generator.next (<anonymous>)
      at step (/Users/zeeshanhurmat/.yarn/lib/cli.js:310:30)
      at /Users/zeeshanhurmat/.yarn/lib/cli.js:321:13

npm manifest: 
  {
    "name": "constdata",
    "version": "0.1.0",
    "private": true,
    "engines": {
      "node": "14.16.0"
    },
    "dependencies": {
      "@fortawesome/fontawesome-svg-core": "^1.2.35",
      "@fortawesome/free-brands-svg-icons": "^5.15.3",
      "@fortawesome/free-solid-svg-icons": "^5.15.3",
      "@fortawesome/react-fontawesome": "^0.1.14",
      "@material-ui/core": "^4.11.3",
      "@material-ui/icons": "^4.11.2",
      "@testing-library/jest-dom": "^5.11.9",
      "@testing-library/react": "^11.2.5",
      "@testing-library/user-event": "^12.8.3",
      "axios": "^0.21.1",
      "bcrypt": "^5.0.1",
      "body-parser": "^1.19.0",
      "bootstrap": "^4.6.0",
      "concurrently": "^6.0.2",
      "cors": "^2.8.5",
      "dotenv": "^8.2.0",
      "eslint-config-airbnb": "^18.2.1",
      "express": "^4.17.1",
      "feeder-react-feedback": "0.0.6",
      "jsonwebtoken": "^8.5.1",
      "mongodb": "^3.6.6",
      "mongoose": "^5.12.3",
      "mui-datatables": "^3.7.6",
      "nodemon": "^2.0.7",
      "path": "^0.12.7",
      "react": "^17.0.2",
      "react-bootstrap": "^1.5.2",
      "react-dom": "^17.0.2",
      "react-dotenv": "^0.1.3",
      "react-icons": "^4.2.0",
      "react-number-format": "^4.5.3",
      "react-router-dom": "^5.2.0",
      "react-scripts": "4.0.3",
      "web-vitals": "^1.1.1"
    },
    "scripts": {
      "start": "node server.js",
    },
    "eslintConfig": {
      "extends": [
        "react-app",
        "react-app/jest"
      ]
    },
    "browserslist": {
      "production": [
        ">0.2%",
        "not dead",
        "not op_mini all"
      ],
      "development": [
        "last 1 chrome version",
        "last 1 firefox version",
        "last 1 safari version"
      ]
    }
  }

yarn manifest: 
  No manifest

Lockfile: 
  # THIS IS AN AUTOGENERATED FILE. DO NOT EDIT THIS FILE DIRECTLY.
  # yarn lockfile v1
  
  
  dotenv@^9.0.0:
    version "9.0.0"
    resolved "https://registry.yarnpkg.com/dotenv/-/dotenv-9.0.0.tgz#2408af4e39378375b7eebe30b7b54989e36d6e46"
    integrity sha512-yy3x9XjojW8ROTBePD25AcMoHqGHsvHmtfw8QWlpEXyMMXXPj6brUA464AptUvHuTPRmNz6Sd3ZLNLeJl6dHJA==
